Arguments: 
  /snap/node/6895/bin/node /snap/node/6895/bin/yarn.js global dir --json

PATH: 
  /usr/local/sbin:/usr/local/bin:/usr/sbin:/usr/bin:/sbin:/bin:/usr/games:/usr/local/games:/snap/bin:/snap/bin

Yarn version: 
  1.22.19

Node version: 
  16.18.1

Platform: 
  linux x64

Trace: 
  Error: EACCES: permission denied, write
      at writeSync (node:fs:920:3)
      at SyncWriteStream._write (node:internal/fs/sync_write_stream:26:3)
      at writeOrBuffer (node:internal/streams/writable:391:12)
      at _write (node:internal/streams/writable:332:10)
      at SyncWriteStream.Writable.write (node:internal/streams/writable:336:10)
      at JSONReporter._dump (/snap/node/6895/lib/cli.js:49577:12)
      at JSONReporter.log (/snap/node/6895/lib/cli.js:49605:10)
      at dir (/snap/node/6895/lib/cli.js:36307:14)
      at Object.<anonymous> (/snap/node/6895/lib/cli.js:25987:25)
      at Generator.next (<anonymous>)

npm manifest: 
  {
    "name": "nl.spacebabies.autarco",
    "version": "1.0.0",
    "main": "app.js",
    "scripts": {
      "lint": "eslint --ext .js,.ts --ignore-path .gitignore ."
    },
    "devDependencies": {
      "@tsconfig/node12": "^1.0.11",
      "@types/homey": "npm:homey-apps-sdk-v3-types@^0.3.3",
      "@types/node": "^18.11.18",
      "eslint": "^7.32.0",
      "eslint-config-athom": "^3.1.1"
    }
  }

yarn manifest: 
  No manifest

Lockfile: 
  No lockfile
